# JRE version: OpenJDK Runtime Environment GraalVM CE 22.3.0 (17.0.5+8) (build 17.0.5+8-jvmci-22.3-b08)
# Java VM: OpenJDK 64-Bit Server VM GraalVM CE 22.3.0 (17.0.5+8-jvmci-22.3-b08, mixed mode, sharing, tiered, jvmci, jvmci compiler, compressed oops, compressed class ptrs, parallel gc, linux-amd64)
GC Precious Log:
 CPUs: 8 total, 1 available
 Memory: 1024M
 Large Page Support: Disabled
 NUMA Support: Disabled
 Compressed Oops: Enabled (32-bit)
 Alignments: Space 512K, Generation 512K, Heap 2M
 Heap Min Capacity: 100M
 Heap Initial Capacity: 100M
 Heap Max Capacity: 512M
 Pre-touch: Disabled
 Parallel Workers: 1
Heap:
 PSYoungGen      total 52224K, used 35328K [0x00000000f5580000, 0x00000000f9b00000, 0x0000000100000000)
  eden space 35328K, 100% used [0x00000000f5580000,0x00000000f7800000,0x00000000f7800000)
  from space 16896K, 0% used [0x00000000f7800000,0x00000000f7800000,0x00000000f8880000)
  to   space 15360K, 0% used [0x00000000f8c00000,0x00000000f8c00000,0x00000000f9b00000)
 ParOldGen       total 349696K, used 349695K [0x00000000e0000000, 0x00000000f5580000, 0x00000000f5580000)
  object space 349696K, 99% used [0x00000000e0000000,0x00000000f557fef8,0x00000000f5580000)
 Metaspace       used 52882K, committed 53952K, reserved 1097728K
  class space    used 5349K, committed 5760K, reserved 1048576K
GC Heap History (20 events):
Event: 1128.493 GC heap before
{Heap before GC invocations=781 (full 698):
 PSYoungGen      total 52224K, used 35327K [0x00000000f5580000, 0x00000000f9b00000, 0x0000000100000000)
  eden space 35328K, 99% used [0x00000000f5580000,0x00000000f77ffff8,0x00000000f7800000)
  from space 16896K, 0% used [0x00000000f7800000,0x00000000f7800000,0x00000000f8880000)
  to   space 15360K, 0% used [0x00000000f8c00000,0x00000000f8c00000,0x00000000f9b00000)
 ParOldGen       total 349696K, used 349689K [0x00000000e0000000, 0x00000000f5580000, 0x00000000f5580000)
  object space 349696K, 99% used [0x00000000e0000000,0x00000000f557e440,0x00000000f5580000)
 Metaspace       used 52863K, committed 53952K, reserved 1097728K
  class space    used 5347K, committed 5760K, reserved 1048576K
}
Event: 1130.025 GC heap after
{Heap after GC invocations=781 (full 698):
 PSYoungGen      total 50688K, used 35327K [0x00000000f5580000, 0x00000000f9b00000, 0x0000000100000000)
  eden space 35328K, 99% used [0x00000000f5580000,0x00000000f77ffff8,0x00000000f7800000)
  from space 15360K, 0% used [0x00000000f8c00000,0x00000000f8c00000,0x00000000f9b00000)
  to   space 16896K, 0% used [0x00000000f7800000,0x00000000f7800000,0x00000000f8880000)
 ParOldGen       total 349696K, used 349689K [0x00000000e0000000, 0x00000000f5580000, 0x00000000f5580000)
  object space 349696K, 99% used [0x00000000e0000000,0x00000000f557e440,0x00000000f5580000)
 Metaspace       used 52863K, committed 53952K, reserved 1097728K
  class space    used 5347K, committed 5760K, reserved 1048576K
}
Event: 1130.026 GC heap before
{Heap before GC invocations=782 (full 699):
 PSYoungGen      total 50688K, used 35327K [0x00000000f5580000, 0x00000000f9b00000, 0x0000000100000000)
  eden space 35328K, 99% used [0x00000000f5580000,0x00000000f77ffff8,0x00000000f7800000)
  from space 15360K, 0% used [0x00000000f8c00000,0x00000000f8c00000,0x00000000f9b00000)
  to   space 16896K, 0% used [0x00000000f7800000,0x00000000f7800000,0x00000000f8880000)
 ParOldGen       total 349696K, used 349693K [0x00000000e0000000, 0x00000000f5580000, 0x00000000f5580000)
  object space 349696K, 99% used [0x00000000e0000000,0x00000000f557f748,0x00000000f5580000)
 Metaspace       used 52880K, committed 53952K, reserved 1097728K
  class space    used 5349K, committed 5760K, reserved 1048576K
}
Event: 1131.557 GC heap after
{Heap after GC invocations=782 (full 699):
 PSYoungGen      total 52224K, used 35327K [0x00000000f5580000, 0x00000000f9b00000, 0x0000000100000000)
  eden space 35328K, 99% used [0x00000000f5580000,0x00000000f77fffc8,0x00000000f7800000)
  from space 16896K, 0% used [0x00000000f7800000,0x00000000f7800000,0x00000000f8880000)
  to   space 15360K, 0% used [0x00000000f8c00000,0x00000000f8c00000,0x00000000f9b00000)
 ParOldGen       total 349696K, used 349689K [0x00000000e0000000, 0x00000000f5580000, 0x00000000f5580000)
  object space 349696K, 99% used [0x00000000e0000000,0x00000000f557e618,0x00000000f5580000)
 Metaspace       used 52880K, committed 53952K, reserved 1097728K
  class space    used 5349K, committed 5760K, reserved 1048576K
}
Event: 1131.558 GC heap before
{Heap before GC invocations=783 (full 700):
 PSYoungGen      total 52224K, used 35327K [0x00000000f5580000, 0x00000000f9b00000, 0x0000000100000000)
  eden space 35328K, 99% used [0x00000000f5580000,0x00000000f77fffe0,0x00000000f7800000)
  from space 16896K, 0% used [0x00000000f7800000,0x00000000f7800000,0x00000000f8880000)
  to   space 15360K, 0% used [0x00000000f8c00000,0x00000000f8c00000,0x00000000f9b00000)
 ParOldGen       total 349696K, used 349689K [0x00000000e0000000, 0x00000000f5580000, 0x00000000f5580000)
  object space 349696K, 99% used [0x00000000e0000000,0x00000000f557e618,0x00000000f5580000)
 Metaspace       used 52880K, committed 53952K, reserved 1097728K
  class space    used 5349K, committed 5760K, reserved 1048576K
}
Event: 1133.142 GC heap after
{Heap after GC invocations=783 (full 700):
 PSYoungGen      total 50688K, used 35327K [0x00000000f5580000, 0x00000000f9b00000, 0x0000000100000000)
  eden space 35328K, 99% used [0x00000000f5580000,0x00000000f77fffe0,0x00000000f7800000)
  from space 15360K, 0% used [0x00000000f8c00000,0x00000000f8c00000,0x00000000f9b00000)
  to   space 16896K, 0% used [0x00000000f7800000,0x00000000f7800000,0x00000000f8880000)
 ParOldGen       total 349696K, used 349689K [0x00000000e0000000, 0x00000000f5580000, 0x00000000f5580000)
  object space 349696K, 99% used [0x00000000e0000000,0x00000000f557e618,0x00000000f5580000)
 Metaspace       used 52880K, committed 53952K, reserved 1097728K
  class space    used 5349K, committed 5760K, reserved 1048576K
}
Event: 1133.142 GC heap before
{Heap before GC invocations=784 (full 701):
 PSYoungGen      total 50688K, used 35327K [0x00000000f5580000, 0x00000000f9b00000, 0x0000000100000000)
  eden space 35328K, 99% used [0x00000000f5580000,0x00000000f77ffff8,0x00000000f7800000)
  from space 15360K, 0% used [0x00000000f8c00000,0x00000000f8c00000,0x00000000f9b00000)
  to   space 16896K, 0% used [0x00000000f7800000,0x00000000f7800000,0x00000000f8880000)
 ParOldGen       total 349696K, used 349691K [0x00000000e0000000, 0x00000000f5580000, 0x00000000f5580000)
  object space 349696K, 99% used [0x00000000e0000000,0x00000000f557ee30,0x00000000f5580000)
 Metaspace       used 52880K, committed 53952K, reserved 1097728K
  class space    used 5349K, committed 5760K, reserved 1048576K
}
Event: 1134.632 GC heap after
{Heap after GC invocations=784 (full 701):
 PSYoungGen      total 52224K, used 35327K [0x00000000f5580000, 0x00000000f9b00000, 0x0000000100000000)
  eden space 35328K, 99% used [0x00000000f5580000,0x00000000f77fffc8,0x00000000f7800000)
  from space 16896K, 0% used [0x00000000f7800000,0x00000000f7800000,0x00000000f8880000)
  to   space 15360K, 0% used [0x00000000f8c00000,0x00000000f8c00000,0x00000000f9b00000)
 ParOldGen       total 349696K, used 349691K [0x00000000e0000000, 0x00000000f5580000, 0x00000000f5580000)
  object space 349696K, 99% used [0x00000000e0000000,0x00000000f557ec68,0x00000000f5580000)
 Metaspace       used 52880K, committed 53952K, reserved 1097728K
  class space    used 5349K, committed 5760K, reserved 1048576K
}
Event: 1134.632 GC heap before
{Heap before GC invocations=785 (full 702):
 PSYoungGen      total 52224K, used 35327K [0x00000000f5580000, 0x00000000f9b00000, 0x0000000100000000)
  eden space 35328K, 99% used [0x00000000f5580000,0x00000000f77fffe0,0x00000000f7800000)
  from space 16896K, 0% used [0x00000000f7800000,0x00000000f7800000,0x00000000f8880000)
  to   space 15360K, 0% used [0x00000000f8c00000,0x00000000f8c00000,0x00000000f9b00000)
 ParOldGen       total 349696K, used 349691K [0x00000000e0000000, 0x00000000f5580000, 0x00000000f5580000)
  object space 349696K, 99% used [0x00000000e0000000,0x00000000f557ec68,0x00000000f5580000)
 Metaspace       used 52880K, committed 53952K, reserved 1097728K
  class space    used 5349K, committed 5760K, reserved 1048576K
}
Event: 1136.055 GC heap after
{Heap after GC invocations=785 (full 702):
 PSYoungGen      total 50688K, used 35327K [0x00000000f5580000, 0x00000000f9b00000, 0x0000000100000000)
  eden space 35328K, 99% used [0x00000000f5580000,0x00000000f77fffe0,0x00000000f7800000)
  from space 15360K, 0% used [0x00000000f8c00000,0x00000000f8c00000,0x00000000f9b00000)
  to   space 16896K, 0% used [0x00000000f7800000,0x00000000f7800000,0x00000000f8880000)
 ParOldGen       total 349696K, used 349691K [0x00000000e0000000, 0x00000000f5580000, 0x00000000f5580000)
  object space 349696K, 99% used [0x00000000e0000000,0x00000000f557ec68,0x00000000f5580000)
 Metaspace       used 52880K, committed 53952K, reserved 1097728K
  class space    used 5349K, committed 5760K, reserved 1048576K
}
Event: 1136.055 GC heap before
{Heap before GC invocations=786 (full 703):
 PSYoungGen      total 50688K, used 35327K [0x00000000f5580000, 0x00000000f9b00000, 0x0000000100000000)
  eden space 35328K, 99% used [0x00000000f5580000,0x00000000f77ffff8,0x00000000f7800000)
  from space 15360K, 0% used [0x00000000f8c00000,0x00000000f8c00000,0x00000000f9b00000)
  to   space 16896K, 0% used [0x00000000f7800000,0x00000000f7800000,0x00000000f8880000)
 ParOldGen       total 349696K, used 349693K [0x00000000e0000000, 0x00000000f5580000, 0x00000000f5580000)
  object space 349696K, 99% used [0x00000000e0000000,0x00000000f557f480,0x00000000f5580000)
 Metaspace       used 52880K, committed 53952K, reserved 1097728K
  class space    used 5349K, committed 5760K, reserved 1048576K
}
Event: 1137.533 GC heap after
{Heap after GC invocations=786 (full 703):
 PSYoungGen      total 52224K, used 35327K [0x00000000f5580000, 0x00000000f9b00000, 0x0000000100000000)
  eden space 35328K, 99% used [0x00000000f5580000,0x00000000f77ffff8,0x00000000f7800000)
  from space 16896K, 0% used [0x00000000f7800000,0x00000000f7800000,0x00000000f8880000)
  to   space 15360K, 0% used [0x00000000f8c00000,0x00000000f8c00000,0x00000000f9b00000)
 ParOldGen       total 349696K, used 349692K [0x00000000e0000000, 0x00000000f5580000, 0x00000000f5580000)
  object space 349696K, 99% used [0x00000000e0000000,0x00000000f557f288,0x00000000f5580000)
 Metaspace       used 52880K, committed 53952K, reserved 1097728K
  class space    used 5349K, committed 5760K, reserved 1048576K
}
Event: 1137.534 GC heap before
{Heap before GC invocations=787 (full 704):
 PSYoungGen      total 52224K, used 35327K [0x00000000f5580000, 0x00000000f9b00000, 0x0000000100000000)
  eden space 35328K, 99% used [0x00000000f5580000,0x00000000f77ffff8,0x00000000f7800000)
  from space 16896K, 0% used [0x00000000f7800000,0x00000000f7800000,0x00000000f8880000)
  to   space 15360K, 0% used [0x00000000f8c00000,0x00000000f8c00000,0x00000000f9b00000)
 ParOldGen       total 349696K, used 349695K [0x00000000e0000000, 0x00000000f5580000, 0x00000000f5580000)
  object space 349696K, 99% used [0x00000000e0000000,0x00000000f557fd30,0x00000000f5580000)
 Metaspace       used 52882K, committed 53952K, reserved 1097728K
  class space    used 5349K, committed 5760K, reserved 1048576K
}
Event: 1139.022 GC heap after
{Heap after GC invocations=787 (full 704):
 PSYoungGen      total 50688K, used 35327K [0x00000000f5580000, 0x00000000f9b00000, 0x0000000100000000)
  eden space 35328K, 99% used [0x00000000f5580000,0x00000000f77fffd8,0x00000000f7800000)
  from space 15360K, 0% used [0x00000000f8c00000,0x00000000f8c00000,0x00000000f9b00000)
  to   space 16896K, 0% used [0x00000000f7800000,0x00000000f7800000,0x00000000f8880000)
 ParOldGen       total 349696K, used 349693K [0x00000000e0000000, 0x00000000f5580000, 0x00000000f5580000)
  object space 349696K, 99% used [0x00000000e0000000,0x00000000f557f578,0x00000000f5580000)
 Metaspace       used 52882K, committed 53952K, reserved 1097728K
  class space    used 5349K, committed 5760K, reserved 1048576K
}
Event: 1139.023 GC heap before
{Heap before GC invocations=788 (full 705):
 PSYoungGen      total 50688K, used 35327K [0x00000000f5580000, 0x00000000f9b00000, 0x0000000100000000)
  eden space 35328K, 99% used [0x00000000f5580000,0x00000000f77ffff0,0x00000000f7800000)
  from space 15360K, 0% used [0x00000000f8c00000,0x00000000f8c00000,0x00000000f9b00000)
  to   space 16896K, 0% used [0x00000000f7800000,0x00000000f7800000,0x00000000f8880000)
 ParOldGen       total 349696K, used 349693K [0x00000000e0000000, 0x00000000f5580000, 0x00000000f5580000)
  object space 349696K, 99% used [0x00000000e0000000,0x00000000f557f578,0x00000000f5580000)
 Metaspace       used 52882K, committed 53952K, reserved 1097728K
  class space    used 5349K, committed 5760K, reserved 1048576K
}
Event: 1140.427 GC heap after
{Heap after GC invocations=788 (full 705):
 PSYoungGen      total 52224K, used 35327K [0x00000000f5580000, 0x00000000f9b00000, 0x0000000100000000)
  eden space 35328K, 99% used [0x00000000f5580000,0x00000000f77ffff0,0x00000000f7800000)
  from space 16896K, 0% used [0x00000000f7800000,0x00000000f7800000,0x00000000f8880000)
  to   space 15360K, 0% used [0x00000000f8c00000,0x00000000f8c00000,0x00000000f9b00000)
 ParOldGen       total 349696K, used 349693K [0x00000000e0000000, 0x00000000f5580000, 0x00000000f5580000)
  object space 349696K, 99% used [0x00000000e0000000,0x00000000f557f578,0x00000000f5580000)
 Metaspace       used 52882K, committed 53952K, reserved 1097728K
  class space    used 5349K, committed 5760K, reserved 1048576K
}
Event: 1140.427 GC heap before
{Heap before GC invocations=789 (full 706):
 PSYoungGen      total 52224K, used 35328K [0x00000000f5580000, 0x00000000f9b00000, 0x0000000100000000)
  eden space 35328K, 100% used [0x00000000f5580000,0x00000000f7800000,0x00000000f7800000)
  from space 16896K, 0% used [0x00000000f7800000,0x00000000f7800000,0x00000000f8880000)
  to   space 15360K, 0% used [0x00000000f8c00000,0x00000000f8c00000,0x00000000f9b00000)
 ParOldGen       total 349696K, used 349693K [0x00000000e0000000, 0x00000000f5580000, 0x00000000f5580000)
  object space 349696K, 99% used [0x00000000e0000000,0x00000000f557f600,0x00000000f5580000)
 Metaspace       used 52882K, committed 53952K, reserved 1097728K
  class space    used 5349K, committed 5760K, reserved 1048576K
}
Event: 1141.854 GC heap after
{Heap after GC invocations=789 (full 706):
 PSYoungGen      total 50688K, used 35327K [0x00000000f5580000, 0x00000000f9b00000, 0x0000000100000000)
  eden space 35328K, 99% used [0x00000000f5580000,0x00000000f77ffff0,0x00000000f7800000)
  from space 15360K, 0% used [0x00000000f8c00000,0x00000000f8c00000,0x00000000f9b00000)
  to   space 16896K, 0% used [0x00000000f7800000,0x00000000f7800000,0x00000000f8880000)
 ParOldGen       total 349696K, used 349693K [0x00000000e0000000, 0x00000000f5580000, 0x00000000f5580000)
  object space 349696K, 99% used [0x00000000e0000000,0x00000000f557f5f0,0x00000000f5580000)
 Metaspace       used 52882K, committed 53952K, reserved 1097728K
  class space    used 5349K, committed 5760K, reserved 1048576K
}
Event: 1141.854 GC heap before
{Heap before GC invocations=790 (full 707):
 PSYoungGen      total 50688K, used 35327K [0x00000000f5580000, 0x00000000f9b00000, 0x0000000100000000)
  eden space 35328K, 99% used [0x00000000f5580000,0x00000000f77ffff0,0x00000000f7800000)
  from space 15360K, 0% used [0x00000000f8c00000,0x00000000f8c00000,0x00000000f9b00000)
  to   space 16896K, 0% used [0x00000000f7800000,0x00000000f7800000,0x00000000f8880000)
 ParOldGen       total 349696K, used 349693K [0x00000000e0000000, 0x00000000f5580000, 0x00000000f5580000)
  object space 349696K, 99% used [0x00000000e0000000,0x00000000f557f5f0,0x00000000f5580000)
 Metaspace       used 52882K, committed 53952K, reserved 1097728K
  class space    used 5349K, committed 5760K, reserved 1048576K
}
Event: 1143.257 GC heap after
{Heap after GC invocations=790 (full 707):
 PSYoungGen      total 52224K, used 35327K [0x00000000f5580000, 0x00000000f9b00000, 0x0000000100000000)
  eden space 35328K, 99% used [0x00000000f5580000,0x00000000f77ffff0,0x00000000f7800000)
  from space 16896K, 0% used [0x00000000f7800000,0x00000000f7800000,0x00000000f8880000)
  to   space 15360K, 0% used [0x00000000f8c00000,0x00000000f8c00000,0x00000000f9b00000)
 ParOldGen       total 349696K, used 349693K [0x00000000e0000000, 0x00000000f5580000, 0x00000000f5580000)
  object space 349696K, 99% used [0x00000000e0000000,0x00000000f557f5f0,0x00000000f5580000)
 Metaspace       used 52882K, committed 53952K, reserved 1097728K
  class space    used 5349K, committed 5760K, reserved 1048576K
}

